  adler32.c
  compress.c
  crc32.c
  deflate.c
  infback.c
  inffast.c
  inflate.c
  inftrees.c
  trees.c
  uncompr.c
  zutil.c
  Создание кода...
c:\dev\libsc\zlib\trees.c(819): error C2220: предупреждение обработано как ошибка - файл "object" не создан
c:\dev\libsc\zlib\trees.c(460): error C2220: предупреждение обработано как ошибка - файл "object" не создан
c:\dev\libsc\zlib\trees.c(511): error C2220: предупреждение обработано как ошибка - файл "object" не создан
c:\dev\libsc\zlib\trees.c(849): error C2220: предупреждение обработано как ошибка - файл "object" не создан
c:\dev\libsc\zlib\trees.c(819): warning C5045: Компилятор вставит компонент устранения рисков Spectre для загрузки памяти, если указан параметр /Qspectre
  c:\dev\libsc\zlib\trees.c(818) : Примечание. Диапазон индекса "max_blindex", проверенный путем сравнения, в этой строке
  c:\dev\libsc\zlib\trees.c(819) : Примечание. Загрузка памяти веб-каналов в этой строке
c:\dev\libsc\zlib\trees.c(511): warning C5045: Компилятор вставит компонент устранения рисков Spectre для загрузки памяти, если указан параметр /Qspectre
  c:\dev\libsc\zlib\trees.c(510) : Примечание. Диапазон индекса "h", проверенный путем сравнения, в этой строке
  c:\dev\libsc\zlib\trees.c(524) : Примечание. Загрузка памяти веб-каналов в этой строке
c:\dev\libsc\zlib\trees.c(849): warning C5045: Компилятор вставит компонент устранения рисков Spectre для загрузки памяти, если указан параметр /Qspectre
  c:\dev\libsc\zlib\trees.c(847) : Примечание. Диапазон индекса "rank", проверенный путем сравнения, в этой строке
  c:\dev\libsc\zlib\trees.c(849) : Примечание. Загрузка памяти веб-каналов в этой строке
c:\dev\libsc\zlib\trees.c(460): warning C5045: Компилятор вставит компонент устранения рисков Spectre для загрузки памяти, если указан параметр /Qspectre
  c:\dev\libsc\zlib\trees.c(460) : Примечание. Диапазон индекса "j", проверенный путем сравнения, в этой строке
  c:\dev\libsc\zlib\trees.c(460) : Примечание. Загрузка памяти веб-каналов в этой строке
c:\dev\libsc\zlib\trees.c(597): warning C5045: Компилятор вставит компонент устранения рисков Spectre для загрузки памяти, если указан параметр /Qspectre
  c:\dev\libsc\zlib\trees.c(596) : Примечание. Диапазон индекса "n", проверенный путем сравнения, в этой строке
  c:\dev\libsc\zlib\trees.c(600) : Примечание. Вызов веб-каналов в этой строке
c:\dev\libsc\zlib\crc32.c(368): error C2220: предупреждение обработано как ошибка - файл "object" не создан
c:\dev\libsc\zlib\crc32.c(368): warning C5045: Компилятор вставит компонент устранения рисков Spectre для загрузки памяти, если указан параметр /Qspectre
  c:\dev\libsc\zlib\crc32.c(367) : Примечание. Диапазон индекса "n", проверенный путем сравнения, в этой строке
  c:\dev\libsc\zlib\crc32.c(368) : Примечание. Вызов веб-каналов в этой строке
