  pch.cpp
  layer.cpp
C:\Users\ASUS-PC\Desktop\neural_network_laba_1\neural_network_laba_1\layer.cpp(8,20): warning C4018: <: несоответствие типов со знаком и без знака
C:\Users\ASUS-PC\Desktop\neural_network_laba_1\neural_network_laba_1\layer.cpp(20,12): warning C4244: аргумент: преобразование "time_t" в "unsigned int", возможна потеря данных
C:\Users\ASUS-PC\Desktop\neural_network_laba_1\neural_network_laba_1\layer.cpp(44,20): warning C4018: <: несоответствие типов со знаком и без знака
C:\Users\ASUS-PC\Desktop\neural_network_laba_1\neural_network_laba_1\layer.cpp(48,20): warning C4018: <: несоответствие типов со знаком и без знака
C:\Users\ASUS-PC\Desktop\neural_network_laba_1\neural_network_laba_1\layer.cpp(49,21): warning C4018: <: несоответствие типов со знаком и без знака
C:\Users\ASUS-PC\Desktop\neural_network_laba_1\neural_network_laba_1\layer.cpp(60,21): warning C4018: <: несоответствие типов со знаком и без знака
  neural_network_laba_1.cpp
C:\Users\ASUS-PC\Desktop\neural_network_laba_1\neural_network_laba_1\neural_network_laba_1.cpp(48,20): warning C4018: <: несоответствие типов со знаком и без знака
C:\Users\ASUS-PC\Desktop\neural_network_laba_1\neural_network_laba_1\neural_network_laba_1.cpp(50,21): warning C4018: <: несоответствие типов со знаком и без знака
C:\Users\ASUS-PC\Desktop\neural_network_laba_1\neural_network_laba_1\neural_network_laba_1.cpp(52,22): warning C4018: <: несоответствие типов со знаком и без знака
C:\Users\ASUS-PC\Desktop\neural_network_laba_1\neural_network_laba_1\neural_network_laba_1.cpp(126,21): warning C4018: <: несоответствие типов со знаком и без знака
C:\Users\ASUS-PC\Desktop\neural_network_laba_1\neural_network_laba_1\neural_network_laba_1.cpp(127,22): warning C4018: <: несоответствие типов со знаком и без знака
C:\Users\ASUS-PC\Desktop\neural_network_laba_1\neural_network_laba_1\neural_network_laba_1.cpp(134,59): warning C4244: =: преобразование "_Ty" в "T", возможна потеря данных
          with
          [
              _Ty=double
          ]
          and
          [
              T=unsigned char
          ]
  nn.cpp
C:\Users\ASUS-PC\Desktop\neural_network_laba_1\neural_network_laba_1\nn.cpp(7,12): warning C4018: >=: несоответствие типов со знаком и без знака
C:\Users\ASUS-PC\Desktop\neural_network_laba_1\neural_network_laba_1\nn.cpp(24,20): warning C4018: <: несоответствие типов со знаком и без знака
C:\Users\ASUS-PC\Desktop\neural_network_laba_1\neural_network_laba_1\nn.cpp(26,21): warning C4018: <: несоответствие типов со знаком и без знака
C:\Users\ASUS-PC\Desktop\neural_network_laba_1\neural_network_laba_1\nn.cpp(28,22): warning C4018: <: несоответствие типов со знаком и без знака
C:\Users\ASUS-PC\Desktop\neural_network_laba_1\neural_network_laba_1\nn.cpp(52,20): warning C4018: <: несоответствие типов со знаком и без знака
C:\Users\ASUS-PC\Desktop\neural_network_laba_1\neural_network_laba_1\nn.cpp(55,21): warning C4018: <: несоответствие типов со знаком и без знака
C:\Users\ASUS-PC\Desktop\neural_network_laba_1\neural_network_laba_1\nn.cpp(83,20): warning C4018: <: несоответствие типов со знаком и без знака
C:\Users\ASUS-PC\Desktop\neural_network_laba_1\neural_network_laba_1\nn.cpp(135,20): warning C4018: <: несоответствие типов со знаком и без знака
C:\Users\ASUS-PC\Desktop\neural_network_laba_1\neural_network_laba_1\nn.cpp(176,20): warning C4018: <: несоответствие типов со знаком и без знака
C:\Users\ASUS-PC\Desktop\neural_network_laba_1\neural_network_laba_1\nn.cpp(179,21): warning C4018: <: несоответствие типов со знаком и без знака
C:\Users\ASUS-PC\Desktop\neural_network_laba_1\neural_network_laba_1\nn.cpp(192,20): warning C4018: <: несоответствие типов со знаком и без знака
  Создание кода...
  neural_network_laba_1.vcxproj -> C:\Users\ASUS-PC\Desktop\neural_network_laba_1\Debug\neural_network_laba_1.exe
