  pch.cpp
  layer.cpp
c:\users\asus-pc\desktop\neural_network_laba_1\neural_network_laba_1\layer.cpp(20): warning C4244: аргумент: преобразование "time_t" в "unsigned int", возможна потеря данных
c:\users\asus-pc\desktop\neural_network_laba_1\neural_network_laba_1\layer.cpp(67): warning C4267: инициализация: преобразование из "size_t" в "int"; возможна потеря данных
c:\users\asus-pc\desktop\neural_network_laba_1\neural_network_laba_1\layer.cpp(68): warning C4267: инициализация: преобразование из "size_t" в "int"; возможна потеря данных
c:\users\asus-pc\desktop\neural_network_laba_1\neural_network_laba_1\layer.cpp(108): warning C4267: return: преобразование из "size_t" в "int"; возможна потеря данных
  neural_network_laba_1.cpp
c:\users\asus-pc\desktop\neural_network_laba_1\neural_network_laba_1\neural_network_laba_1.cpp(125): warning C4244: =: преобразование "_Ty" в "T", возможна потеря данных
          with
          [
              _Ty=double
          ]
          and
          [
              T=unsigned char
          ]
  nn.cpp
c:\users\asus-pc\desktop\neural_network_laba_1\neural_network_laba_1\nn.cpp(9): warning C4267: инициализация: преобразование из "size_t" в "int"; возможна потеря данных
c:\users\asus-pc\desktop\neural_network_laba_1\neural_network_laba_1\nn.cpp(10): warning C4267: инициализация: преобразование из "size_t" в "int"; возможна потеря данных
c:\users\asus-pc\desktop\neural_network_laba_1\neural_network_laba_1\nn.cpp(82): warning C4267: инициализация: преобразование из "size_t" в "int"; возможна потеря данных
c:\users\asus-pc\desktop\neural_network_laba_1\neural_network_laba_1\nn.cpp(144): warning C4267: инициализация: преобразование из "size_t" в "int"; возможна потеря данных
c:\users\asus-pc\desktop\neural_network_laba_1\neural_network_laba_1\nn.cpp(194): warning C4267: инициализация: преобразование из "size_t" в "int"; возможна потеря данных
  Создание кода
  44 of 1457 functions ( 3.0%) were compiled, the rest were copied from previous compilation.
    30 functions were new in current compilation
    19 functions had inline decision re-evaluated but remain unchanged
  Создание кода завершено
  neural_network_laba_1.vcxproj -> C:\Users\ASUS-PC\Desktop\neural_network_laba_1\x64\Release\neural_network_laba_1.exe
